<?xml version="1.0" encoding="UTF-8"?>
<testsuite xmlns:xsi="http://www.w3.org/2001/XMLSchema-instance" xsi:noNamespaceSchemaLocation="https://maven.apache.org/surefire/maven-surefire-plugin/xsd/surefire-test-report.xsd" name="runnerPackage.MyRunnerClassTest" time="67.474" tests="7" errors="0" skipped="0" failures="0">
  <properties>
[...]
</properties>
  <testcase name="Given user is on login page" classname="Scenario: DemoAuto login scenario" time="0.001"/>
  <testcase name="When user verifies the title of the page" classname="Scenario: DemoAuto login scenario" time="0"/>
  <testcase name="Then user enters username and password" classname="Scenario: DemoAuto login scenario" time="0"/>
  <testcase name="Then user clicks on login button" classname="Scenario: DemoAuto login scenario" time="0"/>
  <testcase name="Then user verifies the title of the home page" classname="Scenario: DemoAuto login scenario" time="0"/>
  <testcase name="Then user quits the browser session" classname="Scenario: DemoAuto login scenario" time="0"/>
  <testcase name="Scenario: DemoAuto login scenario" classname="Scenario: DemoAuto login scenario" time="0.003"/>
</testsuite>